<?xml version="1.0" encoding="UTF-8"?>
<!-- Generated by org.testng.reporters.JUnitXMLReporter -->
<testsuite ignored="0" hostname="Favour-Nwokos-MacBook-Pro.local" failures="0" tests="1" name="Test" time="0.038" errors="0" timestamp="2022-11-16T00:44:01 WAT">
  <testcase classname="swapSprint.test1" name="@BeforeTest initialActions" time="0.004">
    <failure type="java.lang.NullPointerException" message="Cannot invoke &amp;quot;org.openqa.selenium.WebDriver.manage()&amp;quot; because &amp;quot;this.driver&amp;quot; is null">
      <![CDATA[java.lang.NullPointerException: Cannot invoke "org.openqa.selenium.WebDriver.manage()" because "this.driver" is null
at swapSprint.test1.initialActions(test1.java:39)
... Removed 24 stack frames]]>
    </failure>
  </testcase> <!-- @BeforeTest initialActions -->
  <testcase classname="swapSprint.test1" name="@AfterClass closeOut" time="-1.66855583602E9">
    <skipped/>
  </testcase> <!-- @AfterClass closeOut -->
  <testcase classname="swapSprint.test1" name="testCase1" time="0.0">
    <skipped/>
  </testcase> <!-- testCase1 -->
</testsuite> <!-- Test -->
