<?xml version="1.0" encoding="UTF-8"?>
<testng-results ignored="0" total="1" passed="1" failed="0" skipped="0">
  <reporter-output>
  </reporter-output>
  <suite started-at="2022-11-16T21:26:34 WAT" name="SwapSuite" finished-at="2022-11-16T21:27:35 WAT" duration-ms="60482">
    <groups>
    </groups>
    <test started-at="2022-11-16T21:26:34 WAT" name="Swap Test" finished-at="2022-11-16T21:27:35 WAT" duration-ms="60482">
      <class name="swapSprint.test2">
        <test-method is-config="true" signature="initialActions(java.lang.String)[pri:0, instance:swapSprint.test2@17497425]" started-at="2022-11-16T21:26:34 WAT" name="initialActions" finished-at="2022-11-16T21:27:00 WAT" duration-ms="25716" status="PASS">
          <params>
            <param index="0">
              <value>
                <![CDATA[https://www.amazon.com]]>
              </value>
            </param>
          </params>
          <reporter-output>
          </reporter-output>
        </test-method> <!-- initialActions -->
        <test-method signature="testCase2()[pri:0, instance:swapSprint.test2@17497425]" started-at="2022-11-16T21:27:00 WAT" name="testCase2" finished-at="2022-11-16T21:27:35 WAT" duration-ms="34735" status="PASS">
          <reporter-output>
          </reporter-output>
        </test-method> <!-- testCase2 -->
      </class> <!-- swapSprint.test2 -->
    </test> <!-- Swap Test -->
  </suite> <!-- SwapSuite -->
</testng-results>
